0 info it worked if it ends with ok
1 verbose cli [ '/usr/local/bin/node',
1 verbose cli   '/Users/jacob/.npm-packages/bin/npm',
1 verbose cli   'publish' ]
2 info using npm@3.8.0
3 info using node@v5.4.0
4 verbose publish [ '.' ]
5 silly cache add args [ '.', null ]
6 verbose cache add spec .
7 silly cache add parsed spec Result {
7 silly cache add   raw: '.',
7 silly cache add   scope: null,
7 silly cache add   name: null,
7 silly cache add   rawSpec: '.',
7 silly cache add   spec: '/Users/jacob/Sites/VUS001/Projects/aframe-orbit-controls',
7 silly cache add   type: 'directory' }
8 verbose addLocalDirectory /Users/jacob/.npm/aframe-orbit-controls-component/0.9.0/package.tgz not in flight; packing
9 verbose correctMkdir /Users/jacob/.npm correctMkdir not in flight; initializing
10 info lifecycle aframe-orbit-controls-component@0.9.0~prepublish: aframe-orbit-controls-component@0.9.0
11 silly lifecycle aframe-orbit-controls-component@0.9.0~prepublish: no script for prepublish, continuing
12 verbose tar pack [ '/Users/jacob/.npm/aframe-orbit-controls-component/0.9.0/package.tgz',
12 verbose tar pack   '/Users/jacob/Sites/VUS001/Projects/aframe-orbit-controls' ]
13 verbose tarball /Users/jacob/.npm/aframe-orbit-controls-component/0.9.0/package.tgz
14 verbose folder /Users/jacob/Sites/VUS001/Projects/aframe-orbit-controls
15 verbose addLocalTarball adding from inside cache /Users/jacob/.npm/aframe-orbit-controls-component/0.9.0/package.tgz
16 verbose correctMkdir /Users/jacob/.npm correctMkdir not in flight; initializing
17 silly cache afterAdd aframe-orbit-controls-component@0.9.0
18 verbose afterAdd /Users/jacob/.npm/aframe-orbit-controls-component/0.9.0/package/package.json not in flight; writing
19 verbose correctMkdir /Users/jacob/.npm correctMkdir not in flight; initializing
20 verbose afterAdd /Users/jacob/.npm/aframe-orbit-controls-component/0.9.0/package/package.json written
21 silly publish { name: 'aframe-orbit-controls-component',
21 silly publish   version: '0.9.0',
21 silly publish   description: 'Orbiting Controls component for A-Frame VR',
21 silly publish   main: 'index.js',
21 silly publish   scripts:
21 silly publish    { build: 'browserify examples/main.js -o examples/build.js',
21 silly publish      dev: 'budo examples/main.js:build.js --dir examples --port 8000 --live --open',
21 silly publish      dist: 'webpack index.js dist/aframe-orbit-controls-component.js && webpack -p index.js dist/aframe-orbit-controls-component.min.js',
21 silly publish      postpublish: 'npm run dist',
21 silly publish      preghpages: 'npm run build && rm -rf gh-pages && cp -r examples gh-pages',
21 silly publish      ghpages: 'npm run preghpages && ghpages -p gh-pages',
21 silly publish      test: 'karma start ./tests/karma.conf.js',
21 silly publish      unboil: 'node scripts/unboil.js' },
21 silly publish   repository:
21 silly publish    { type: 'git',
21 silly publish      url: 'git+https://github.com/subsumo/aframe-orbit-controls.git' },
21 silly publish   keywords:
21 silly publish    [ 'aframe',
21 silly publish      'aframe-component',
21 silly publish      'layout',
21 silly publish      'aframe-vr',
21 silly publish      'vr',
21 silly publish      'aframe-layout',
21 silly publish      'mozvr',
21 silly publish      'webvr' ],
21 silly publish   author: { name: 'Jacob Friedman', email: 'jacob@subsumo.com' },
21 silly publish   license: 'MIT',
21 silly publish   bugs: { url: 'https://github.com/subsumo/aframe-orbit-controls/issues' },
21 silly publish   homepage: 'https://github.com/subsumo/aframe-orbit-controls#readme',
21 silly publish   devDependencies:
21 silly publish    { aframe: 'github:aframevr/aframe#dev',
21 silly publish      browserify: '^12.0.1',
21 silly publish      'browserify-css': '^0.8.3',
21 silly publish      budo: '^7.1.0',
21 silly publish      chai: '^3.4.1',
21 silly publish      'chai-shallow-deep-equal': '^1.3.0',
21 silly publish      ghpages: '0.0.3',
21 silly publish      inquirer: '^0.12.0',
21 silly publish      karma: '^0.13.15',
21 silly publish      'karma-browserify': '^4.4.2',
21 silly publish      'karma-chai-shallow-deep-equal': '0.0.4',
21 silly publish      'karma-firefox-launcher': '^0.1.7',
21 silly publish      'karma-mocha': '^0.2.1',
21 silly publish      'karma-mocha-reporter': '^1.1.3',
21 silly publish      'karma-sinon-chai': '^1.1.0',
21 silly publish      mocha: '^2.3.4',
21 silly publish      shelljs: '^0.6.0',
21 silly publish      webpack: '^1.12.9' },
21 silly publish   readme: '## aframe-orbit-controls-component\n\nAn Orbit Controls component for [A-Frame](https://aframe.io) VR.\n\n### Properties\n\n| Property | Description | Default Value |\n| -------- | ----------- | ------------- |\n|          |             |               |\n\n### Usage\n\n#### Browser Installation\n\nInstall and use by directly including the [browser files](dist):\n\n```html\n<head>\n  <title>My A-Frame Scene</title>\n  <script src="https://aframe.io/releases/latest/aframe.min.js"></script>\n  <script src="https://raw.githubusercontent.com/subsumo/aframe-orbit-controls/master/dist/aframe-orbit-controls-component.min.js"></script>\n</head>\n\n<body>\n    <a-scene>\n      <a-camera target="#target" distance="1" orbit-controls look-controls-enabled=false wasd-controls-enabled=true position="0 0 0" ></a-camera>\n      <a-sphere id="target" position="0 0 1" radius="0.1" color="#EF2D5E"></a-sphere>\n      <a-sky src="https://upload.wikimedia.org/wikipedia/commons/8/83/Equirectangular_projection_SW.jpg"></a-sky>\n    </a-scene>\n</body>\n```\n\n#### NPM Installation\n\nInstall via NPM:\n\n```bash\nnpm install aframe-orbit-controls-component\n```\n\nThen register and use.\n\n```js\nrequire(\'aframe\');\nrequire(\'aframe-orbit-controls-component\');\n```\n',
21 silly publish   readmeFilename: 'README.md',
21 silly publish   gitHead: 'a1ec1d9e4b7dd255382ea7410633a00efd7ec377',
21 silly publish   _id: 'aframe-orbit-controls-component@0.9.0',
21 silly publish   _shasum: 'b92d6189592e89f1dcd0fdb926ca6b7823923fd5',
21 silly publish   _from: '.' }
22 verbose getPublishConfig undefined
23 silly mapToRegistry name aframe-orbit-controls-component
24 silly mapToRegistry using default registry
25 silly mapToRegistry registry https://registry.npmjs.org/
26 silly mapToRegistry uri https://registry.npmjs.org/aframe-orbit-controls-component
27 verbose publish registryBase https://registry.npmjs.org/
28 silly publish uploading /Users/jacob/.npm/aframe-orbit-controls-component/0.9.0/package.tgz
29 verbose request uri https://registry.npmjs.org/aframe-orbit-controls-component
30 verbose request sending authorization for write operation
31 info attempt registry request try #1 at 5:15:52 PM
32 verbose request using bearer token for auth
33 verbose request id d191914bdf0e9fcc
34 http request PUT https://registry.npmjs.org/aframe-orbit-controls-component
35 http 403 https://registry.npmjs.org/aframe-orbit-controls-component
36 verbose headers { 'content-type': 'application/json',
36 verbose headers   'cache-control': 'max-age=300',
36 verbose headers   'content-length': '95',
36 verbose headers   'accept-ranges': 'bytes',
36 verbose headers   date: 'Fri, 11 Mar 2016 22:15:53 GMT',
36 verbose headers   via: '1.1 varnish',
36 verbose headers   connection: 'keep-alive',
36 verbose headers   'x-served-by': 'cache-ord1725-ORD',
36 verbose headers   'x-cache': 'MISS',
36 verbose headers   'x-cache-hits': '0',
36 verbose headers   'x-timer': 'S1457734552.468453,VS0,VE1032' }
37 verbose request invalidating /Users/jacob/.npm/registry.npmjs.org/aframe-orbit-controls-component on PUT
38 error publish Failed PUT 403
39 verbose stack Error: "You cannot publish over the previously published version 0.9.0." : aframe-orbit-controls-component
39 verbose stack     at makeError (/Users/jacob/.npm-packages/lib/node_modules/npm/node_modules/npm-registry-client/lib/request.js:264:12)
39 verbose stack     at CachingRegistryClient.<anonymous> (/Users/jacob/.npm-packages/lib/node_modules/npm/node_modules/npm-registry-client/lib/request.js:252:14)
39 verbose stack     at Request._callback (/Users/jacob/.npm-packages/lib/node_modules/npm/node_modules/npm-registry-client/lib/request.js:172:14)
39 verbose stack     at Request.self.callback (/Users/jacob/.npm-packages/lib/node_modules/npm/node_modules/request/request.js:199:22)
39 verbose stack     at emitTwo (events.js:87:13)
39 verbose stack     at Request.emit (events.js:172:7)
39 verbose stack     at Request.<anonymous> (/Users/jacob/.npm-packages/lib/node_modules/npm/node_modules/request/request.js:1036:10)
39 verbose stack     at emitOne (events.js:82:20)
39 verbose stack     at Request.emit (events.js:169:7)
39 verbose stack     at IncomingMessage.<anonymous> (/Users/jacob/.npm-packages/lib/node_modules/npm/node_modules/request/request.js:963:12)
40 verbose statusCode 403
41 verbose pkgid aframe-orbit-controls-component
42 verbose cwd /Users/jacob/Sites/VUS001/Projects/aframe-orbit-controls
43 error Darwin 12.2.0
44 error argv "/usr/local/bin/node" "/Users/jacob/.npm-packages/bin/npm" "publish"
45 error node v5.4.0
46 error npm  v3.8.0
47 error code E403
48 error "You cannot publish over the previously published version 0.9.0." : aframe-orbit-controls-component
49 error If you need help, you may report this error at:
49 error     <https://github.com/npm/npm/issues>
50 verbose exit [ 1, true ]
